mode: set
github.com/owncord/server/ws/client.go:43.80,52.2 1 0
github.com/owncord/server/ws/client.go:56.40,58.2 1 1
github.com/owncord/server/ws/client.go:62.70,68.2 1 1
github.com/owncord/server/ws/client.go:71.92,78.2 1 1
github.com/owncord/server/ws/client.go:82.96,90.2 1 1
github.com/owncord/server/ws/client.go:93.53,95.2 1 1
github.com/owncord/server/ws/client.go:99.119,108.2 1 1
github.com/owncord/server/ws/client.go:112.38,115.18 3 1
github.com/owncord/server/ws/client.go:115.18,117.3 1 1
github.com/owncord/server/ws/client.go:118.2,118.9 1 1
github.com/owncord/server/ws/client.go:119.21,119.21 0 1
github.com/owncord/server/ws/client.go:120.10,120.10 0 0
github.com/owncord/server/ws/client.go:127.30,130.19 3 1
github.com/owncord/server/ws/client.go:130.19,133.3 2 1
github.com/owncord/server/ws/handlers.go:30.59,32.2 1 1
github.com/owncord/server/ws/handlers.go:37.50,39.2 1 1
github.com/owncord/server/ws/handlers.go:43.52,50.17 4 1
github.com/owncord/server/ws/handlers.go:50.17,52.3 1 1
github.com/owncord/server/ws/handlers.go:53.2,55.38 2 1
github.com/owncord/server/ws/handlers.go:55.38,57.75 2 1
github.com/owncord/server/ws/handlers.go:57.75,61.4 3 1
github.com/owncord/server/ws/handlers.go:64.2,65.50 2 1
github.com/owncord/server/ws/handlers.go:65.50,69.3 3 1
github.com/owncord/server/ws/handlers.go:71.2,71.18 1 1
github.com/owncord/server/ws/handlers.go:72.19,73.43 1 1
github.com/owncord/server/ws/handlers.go:74.19,75.43 1 0
github.com/owncord/server/ws/handlers.go:76.21,77.45 1 0
github.com/owncord/server/ws/handlers.go:78.22,79.41 1 0
github.com/owncord/server/ws/handlers.go:80.25,81.42 1 0
github.com/owncord/server/ws/handlers.go:82.22,83.33 1 0
github.com/owncord/server/ws/handlers.go:84.25,85.35 1 1
github.com/owncord/server/ws/handlers.go:86.23,87.39 1 0
github.com/owncord/server/ws/handlers.go:88.20,89.36 1 1
github.com/owncord/server/ws/handlers.go:90.21,91.24 1 1
github.com/owncord/server/ws/handlers.go:92.20,93.36 1 1
github.com/owncord/server/ws/handlers.go:94.22,95.38 1 1
github.com/owncord/server/ws/handlers.go:96.22,97.38 1 1
github.com/owncord/server/ws/handlers.go:98.27,99.43 1 1
github.com/owncord/server/ws/handlers.go:100.21,101.37 1 1
github.com/owncord/server/ws/handlers.go:102.22,103.38 1 1
github.com/owncord/server/ws/handlers.go:104.19,105.35 1 1
github.com/owncord/server/ws/handlers.go:106.25,107.37 1 1
github.com/owncord/server/ws/handlers.go:108.10,110.94 2 1
github.com/owncord/server/ws/handlers.go:115.80,118.57 2 1
github.com/owncord/server/ws/handlers.go:118.57,121.3 2 1
github.com/owncord/server/ws/handlers.go:123.2,129.52 2 1
github.com/owncord/server/ws/handlers.go:129.52,132.3 2 0
github.com/owncord/server/ws/handlers.go:133.2,134.34 2 1
github.com/owncord/server/ws/handlers.go:134.34,137.3 2 0
github.com/owncord/server/ws/handlers.go:140.2,141.29 2 1
github.com/owncord/server/ws/handlers.go:141.29,144.3 2 0
github.com/owncord/server/ws/handlers.go:147.2,147.88 1 1
github.com/owncord/server/ws/handlers.go:147.88,150.3 2 0
github.com/owncord/server/ws/handlers.go:153.2,153.84 1 1
github.com/owncord/server/ws/handlers.go:153.84,155.75 2 1
github.com/owncord/server/ws/handlers.go:155.75,158.4 2 1
github.com/owncord/server/ws/handlers.go:162.2,163.19 2 1
github.com/owncord/server/ws/handlers.go:163.19,166.3 2 0
github.com/owncord/server/ws/handlers.go:167.2,167.33 1 1
github.com/owncord/server/ws/handlers.go:167.33,170.3 2 0
github.com/owncord/server/ws/handlers.go:173.2,174.16 2 1
github.com/owncord/server/ws/handlers.go:174.16,178.3 3 0
github.com/owncord/server/ws/handlers.go:181.2,182.30 2 1
github.com/owncord/server/ws/handlers.go:182.30,186.3 3 0
github.com/owncord/server/ws/handlers.go:188.2,190.19 3 1
github.com/owncord/server/ws/handlers.go:190.19,193.3 2 1
github.com/owncord/server/ws/handlers.go:195.2,202.44 4 1
github.com/owncord/server/ws/handlers.go:206.76,211.52 2 0
github.com/owncord/server/ws/handlers.go:211.52,214.3 2 0
github.com/owncord/server/ws/handlers.go:215.2,216.30 2 0
github.com/owncord/server/ws/handlers.go:216.30,219.3 2 0
github.com/owncord/server/ws/handlers.go:221.2,222.19 2 0
github.com/owncord/server/ws/handlers.go:222.19,225.3 2 0
github.com/owncord/server/ws/handlers.go:228.2,228.67 1 0
github.com/owncord/server/ws/handlers.go:228.67,231.3 2 0
github.com/owncord/server/ws/handlers.go:233.2,234.30 2 0
github.com/owncord/server/ws/handlers.go:234.30,237.3 2 0
github.com/owncord/server/ws/handlers.go:239.2,240.25 2 0
github.com/owncord/server/ws/handlers.go:240.25,242.3 1 0
github.com/owncord/server/ws/handlers.go:243.2,244.95 2 0
github.com/owncord/server/ws/handlers.go:248.78,252.52 2 0
github.com/owncord/server/ws/handlers.go:252.52,255.3 2 0
github.com/owncord/server/ws/handlers.go:256.2,257.30 2 0
github.com/owncord/server/ws/handlers.go:257.30,260.3 2 0
github.com/owncord/server/ws/handlers.go:262.2,263.30 2 0
github.com/owncord/server/ws/handlers.go:263.30,266.3 2 0
github.com/owncord/server/ws/handlers.go:268.2,269.67 2 0
github.com/owncord/server/ws/handlers.go:269.67,272.3 2 0
github.com/owncord/server/ws/handlers.go:274.2,277.77 3 0
github.com/owncord/server/ws/handlers.go:281.76,283.65 2 0
github.com/owncord/server/ws/handlers.go:283.65,286.3 2 0
github.com/owncord/server/ws/handlers.go:288.2,292.52 2 0
github.com/owncord/server/ws/handlers.go:292.52,295.3 2 0
github.com/owncord/server/ws/handlers.go:296.2,297.30 2 0
github.com/owncord/server/ws/handlers.go:297.30,300.3 2 0
github.com/owncord/server/ws/handlers.go:301.2,301.19 1 0
github.com/owncord/server/ws/handlers.go:301.19,304.3 2 0
github.com/owncord/server/ws/handlers.go:305.2,305.23 1 0
github.com/owncord/server/ws/handlers.go:305.23,308.3 2 0
github.com/owncord/server/ws/handlers.go:310.2,311.30 2 0
github.com/owncord/server/ws/handlers.go:311.30,314.3 2 0
github.com/owncord/server/ws/handlers.go:316.2,316.67 1 0
github.com/owncord/server/ws/handlers.go:316.67,319.3 2 0
github.com/owncord/server/ws/handlers.go:321.2,322.9 2 0
github.com/owncord/server/ws/handlers.go:322.9,324.3 1 0
github.com/owncord/server/ws/handlers.go:324.8,327.3 2 0
github.com/owncord/server/ws/handlers.go:328.2,328.16 1 0
github.com/owncord/server/ws/handlers.go:328.16,331.3 2 0
github.com/owncord/server/ws/handlers.go:333.2,333.107 1 0
github.com/owncord/server/ws/handlers.go:337.64,339.34 2 0
github.com/owncord/server/ws/handlers.go:339.34,342.3 2 0
github.com/owncord/server/ws/handlers.go:344.2,345.61 2 0
github.com/owncord/server/ws/handlers.go:345.61,347.3 1 0
github.com/owncord/server/ws/handlers.go:349.2,350.19 2 0
github.com/owncord/server/ws/handlers.go:350.19,352.3 1 0
github.com/owncord/server/ws/handlers.go:355.2,355.88 1 0
github.com/owncord/server/ws/handlers.go:359.66,361.65 2 1
github.com/owncord/server/ws/handlers.go:361.65,364.3 2 1
github.com/owncord/server/ws/handlers.go:366.2,369.52 2 1
github.com/owncord/server/ws/handlers.go:369.52,372.3 2 0
github.com/owncord/server/ws/handlers.go:373.2,374.30 2 1
github.com/owncord/server/ws/handlers.go:374.30,377.3 2 0
github.com/owncord/server/ws/handlers.go:379.2,379.66 1 1
github.com/owncord/server/ws/handlers.go:379.66,381.3 1 0
github.com/owncord/server/ws/handlers.go:383.2,383.56 1 1
github.com/owncord/server/ws/handlers.go:388.75,389.19 1 1
github.com/owncord/server/ws/handlers.go:389.19,391.3 1 1
github.com/owncord/server/ws/handlers.go:392.2,393.31 2 1
github.com/owncord/server/ws/handlers.go:393.31,395.3 1 0
github.com/owncord/server/ws/handlers.go:396.2,396.53 1 1
github.com/owncord/server/ws/handlers.go:396.53,398.3 1 1
github.com/owncord/server/ws/handlers.go:400.2,401.16 2 1
github.com/owncord/server/ws/handlers.go:401.16,403.3 1 0
github.com/owncord/server/ws/handlers.go:404.2,405.31 2 1
github.com/owncord/server/ws/handlers.go:409.76,412.32 3 0
github.com/owncord/server/ws/handlers.go:412.32,413.27 1 0
github.com/owncord/server/ws/handlers.go:413.27,414.12 1 0
github.com/owncord/server/ws/handlers.go:416.3,416.49 1 0
github.com/owncord/server/ws/handlers.go:416.49,417.12 1 0
github.com/owncord/server/ws/handlers.go:419.3,419.10 1 0
github.com/owncord/server/ws/handlers.go:420.22,420.22 0 0
github.com/owncord/server/ws/handlers.go:421.11,421.11 0 0
github.com/owncord/server/ws/handlers.go:428.70,430.29 2 0
github.com/owncord/server/ws/handlers.go:430.29,432.3 1 0
github.com/owncord/server/ws/handlers.go:433.2,435.15 3 0
github.com/owncord/server/ws/hub.go:35.62,46.2 1 1
github.com/owncord/server/ws/hub.go:49.32,51.2 1 1
github.com/owncord/server/ws/hub.go:55.85,59.45 3 1
github.com/owncord/server/ws/hub.go:59.45,61.3 1 1
github.com/owncord/server/ws/hub.go:62.2,64.13 3 1
github.com/owncord/server/ws/hub.go:68.56,72.2 3 1
github.com/owncord/server/ws/hub.go:75.48,78.8 3 1
github.com/owncord/server/ws/hub.go:78.8,80.3 1 1
github.com/owncord/server/ws/hub.go:81.2,83.8 2 1
github.com/owncord/server/ws/hub.go:83.8,85.3 1 1
github.com/owncord/server/ws/hub.go:89.36,92.36 3 1
github.com/owncord/server/ws/hub.go:92.36,94.3 1 1
github.com/owncord/server/ws/hub.go:95.2,98.29 3 1
github.com/owncord/server/ws/hub.go:98.29,100.3 1 1
github.com/owncord/server/ws/hub.go:105.21,108.6 2 1
github.com/owncord/server/ws/hub.go:108.6,109.10 1 1
github.com/owncord/server/ws/hub.go:110.17,111.10 1 1
github.com/owncord/server/ws/hub.go:113.26,118.54 2 1
github.com/owncord/server/ws/hub.go:118.54,119.22 1 1
github.com/owncord/server/ws/hub.go:119.22,122.6 2 0
github.com/owncord/server/ws/hub.go:123.5,123.26 1 1
github.com/owncord/server/ws/hub.go:123.26,124.60 1 1
github.com/owncord/server/ws/hub.go:124.60,126.25 2 1
github.com/owncord/server/ws/hub.go:126.25,132.8 3 1
github.com/owncord/server/ws/hub.go:134.6,135.23 2 1
github.com/owncord/server/ws/hub.go:137.5,137.20 1 1
github.com/owncord/server/ws/hub.go:139.4,140.17 2 1
github.com/owncord/server/ws/hub.go:142.28,144.62 2 1
github.com/owncord/server/ws/hub.go:144.62,146.5 1 1
github.com/owncord/server/ws/hub.go:147.4,147.17 1 1
github.com/owncord/server/ws/hub.go:149.28,150.26 1 1
github.com/owncord/server/ws/hub.go:156.22,158.2 1 1
github.com/owncord/server/ws/hub.go:161.30,164.2 2 1
github.com/owncord/server/ws/hub.go:168.55,170.17 2 1
github.com/owncord/server/ws/hub.go:170.17,172.3 1 1
github.com/owncord/server/ws/hub.go:175.2,182.40 4 1
github.com/owncord/server/ws/hub.go:182.40,183.42 1 1
github.com/owncord/server/ws/hub.go:183.42,184.24 1 1
github.com/owncord/server/ws/hub.go:184.24,187.5 2 0
github.com/owncord/server/ws/hub.go:188.4,188.24 1 1
github.com/owncord/server/ws/hub.go:191.3,191.37 1 1
github.com/owncord/server/ws/hub.go:193.2,196.40 2 1
github.com/owncord/server/ws/hub.go:196.40,198.3 1 1
github.com/owncord/server/ws/hub.go:202.35,204.2 1 1
github.com/owncord/server/ws/hub.go:207.37,209.2 1 1
github.com/owncord/server/ws/hub.go:213.63,215.2 1 1
github.com/owncord/server/ws/hub.go:218.42,220.2 1 1
github.com/owncord/server/ws/hub.go:225.71,227.2 1 0
github.com/owncord/server/ws/hub.go:230.54,232.2 1 0
github.com/owncord/server/ws/hub.go:235.54,237.2 1 0
github.com/owncord/server/ws/hub.go:240.55,242.2 1 0
github.com/owncord/server/ws/hub.go:246.57,250.9 4 1
github.com/owncord/server/ws/hub.go:250.9,252.3 1 1
github.com/owncord/server/ws/hub.go:253.2,253.9 1 1
github.com/owncord/server/ws/hub.go:254.21,255.14 1 1
github.com/owncord/server/ws/hub.go:256.10,258.15 1 0
github.com/owncord/server/ws/hub.go:263.33,267.2 3 1
github.com/owncord/server/ws/hub.go:272.37,274.60 2 1
github.com/owncord/server/ws/hub.go:274.60,276.3 1 1
github.com/owncord/server/ws/hub.go:277.2,278.15 2 1
github.com/owncord/server/ws/hub.go:282.49,286.30 3 1
github.com/owncord/server/ws/hub.go:286.30,288.55 1 1
github.com/owncord/server/ws/hub.go:288.55,289.12 1 1
github.com/owncord/server/ws/hub.go:291.3,291.10 1 1
github.com/owncord/server/ws/hub.go:292.25,292.25 0 1
github.com/owncord/server/ws/hub.go:293.11,293.11 0 0
github.com/owncord/server/ws/messages.go:18.30,20.16 2 1
github.com/owncord/server/ws/messages.go:20.16,23.3 1 0
github.com/owncord/server/ws/messages.go:24.2,24.10 1 1
github.com/owncord/server/ws/messages.go:28.49,36.2 1 1
github.com/owncord/server/ws/messages.go:39.59,47.2 1 1
github.com/owncord/server/ws/messages.go:50.44,52.24 2 0
github.com/owncord/server/ws/messages.go:52.24,54.3 1 0
github.com/owncord/server/ws/messages.go:55.2,64.4 1 0
github.com/owncord/server/ws/messages.go:68.145,70.19 2 1
github.com/owncord/server/ws/messages.go:70.19,72.3 1 0
github.com/owncord/server/ws/messages.go:73.2,87.4 1 1
github.com/owncord/server/ws/messages.go:91.78,100.2 1 1
github.com/owncord/server/ws/messages.go:103.79,113.2 1 0
github.com/owncord/server/ws/messages.go:116.54,124.2 1 0
github.com/owncord/server/ws/messages.go:127.87,138.2 1 0
github.com/owncord/server/ws/messages.go:141.70,150.2 1 0
github.com/owncord/server/ws/messages.go:153.50,167.2 1 1
github.com/owncord/server/ws/messages.go:170.127,183.2 1 1
github.com/owncord/server/ws/messages.go:186.80,195.2 1 1
github.com/owncord/server/ws/messages.go:198.54,206.2 1 1
github.com/owncord/server/ws/messages.go:209.59,217.2 1 0
github.com/owncord/server/ws/messages.go:221.58,229.2 1 0
github.com/owncord/server/ws/messages.go:232.63,240.2 1 1
github.com/owncord/server/ws/messages.go:243.48,255.2 1 1
github.com/owncord/server/ws/messages.go:258.48,270.2 1 1
github.com/owncord/server/ws/messages.go:273.49,280.2 1 1
github.com/owncord/server/ws/messages.go:283.68,291.2 1 1
github.com/owncord/server/ws/messages.go:294.61,298.52 2 1
github.com/owncord/server/ws/messages.go:298.52,300.3 1 0
github.com/owncord/server/ws/messages.go:301.2,302.16 2 1
github.com/owncord/server/ws/messages.go:302.16,304.3 1 0
github.com/owncord/server/ws/messages.go:305.2,305.16 1 1
github.com/owncord/server/ws/origin.go:15.76,16.30 1 1
github.com/owncord/server/ws/origin.go:16.30,18.3 1 1
github.com/owncord/server/ws/origin.go:20.2,20.35 1 1
github.com/owncord/server/ws/origin.go:20.35,21.15 1 1
github.com/owncord/server/ws/origin.go:21.15,23.4 1 1
github.com/owncord/server/ws/origin.go:26.2,28.3 1 1
github.com/owncord/server/ws/serve.go:27.83,29.54 2 0
github.com/owncord/server/ws/serve.go:29.54,31.17 2 0
github.com/owncord/server/ws/serve.go:31.17,34.4 2 0
github.com/owncord/server/ws/serve.go:36.3,37.17 2 0
github.com/owncord/server/ws/serve.go:37.17,41.4 3 0
github.com/owncord/server/ws/serve.go:43.3,50.82 5 0
github.com/owncord/server/ws/serve.go:50.82,52.4 1 0
github.com/owncord/server/ws/serve.go:55.3,57.63 3 0
github.com/owncord/server/ws/serve.go:57.63,59.4 1 0
github.com/owncord/server/ws/serve.go:61.3,68.16 6 0
github.com/owncord/server/ws/serve.go:73.70,74.6 1 0
github.com/owncord/server/ws/serve.go:74.6,75.10 1 0
github.com/owncord/server/ws/serve.go:76.28,77.11 1 0
github.com/owncord/server/ws/serve.go:77.11,80.5 2 0
github.com/owncord/server/ws/serve.go:81.4,84.18 4 0
github.com/owncord/server/ws/serve.go:84.18,87.5 2 0
github.com/owncord/server/ws/serve.go:88.21,89.10 1 0
github.com/owncord/server/ws/serve.go:95.79,96.15 1 0
github.com/owncord/server/ws/serve.go:96.15,99.20 3 0
github.com/owncord/server/ws/serve.go:99.20,103.4 3 0
github.com/owncord/server/ws/serve.go:106.2,106.6 1 0
github.com/owncord/server/ws/serve.go:106.6,108.17 2 0
github.com/owncord/server/ws/serve.go:108.17,110.4 1 0
github.com/owncord/server/ws/serve.go:111.3,111.28 1 0
github.com/owncord/server/ws/serve.go:118.88,123.16 4 0
github.com/owncord/server/ws/serve.go:123.16,125.3 1 0
github.com/owncord/server/ws/serve.go:127.2,128.50 2 0
github.com/owncord/server/ws/serve.go:128.50,131.3 2 0
github.com/owncord/server/ws/serve.go:132.2,132.24 1 0
github.com/owncord/server/ws/serve.go:132.24,135.3 2 0
github.com/owncord/server/ws/serve.go:137.2,140.73 2 0
github.com/owncord/server/ws/serve.go:140.73,143.3 2 0
github.com/owncord/server/ws/serve.go:145.2,147.31 3 0
github.com/owncord/server/ws/serve.go:147.31,150.3 2 0
github.com/owncord/server/ws/serve.go:152.2,152.43 1 0
github.com/owncord/server/ws/serve.go:152.43,155.3 2 0
github.com/owncord/server/ws/serve.go:157.2,158.31 2 0
github.com/owncord/server/ws/serve.go:158.31,161.3 2 0
github.com/owncord/server/ws/serve.go:163.2,163.36 1 0
github.com/owncord/server/ws/serve.go:163.36,166.3 2 0
github.com/owncord/server/ws/serve.go:168.2,168.24 1 0
github.com/owncord/server/ws/serve.go:172.57,179.24 6 0
github.com/owncord/server/ws/serve.go:179.24,181.3 1 0
github.com/owncord/server/ws/serve.go:183.2,195.4 1 0
github.com/owncord/server/ws/serve.go:199.50,201.16 2 0
github.com/owncord/server/ws/serve.go:201.16,203.3 1 0
github.com/owncord/server/ws/serve.go:204.2,205.16 2 0
github.com/owncord/server/ws/serve.go:205.16,207.3 1 0
github.com/owncord/server/ws/serve.go:209.2,210.16 2 0
github.com/owncord/server/ws/serve.go:210.16,213.3 2 0
github.com/owncord/server/ws/serve.go:216.2,217.16 2 0
github.com/owncord/server/ws/serve.go:217.16,221.3 2 0
github.com/owncord/server/ws/serve.go:223.2,231.9 1 0
github.com/owncord/server/ws/serve.go:235.93,237.30 2 0
github.com/owncord/server/ws/serve.go:237.30,238.25 1 0
github.com/owncord/server/ws/serve.go:238.25,239.12 1 0
github.com/owncord/server/ws/serve.go:241.3,242.17 2 0
github.com/owncord/server/ws/serve.go:242.17,244.4 1 0
github.com/owncord/server/ws/serve.go:245.3,245.31 1 0
github.com/owncord/server/ws/serve.go:247.2,247.16 1 0
github.com/owncord/server/ws/serve.go:247.16,249.3 1 0
github.com/owncord/server/ws/serve.go:250.2,250.17 1 0
github.com/owncord/server/ws/sfu.go:22.52,24.51 2 1
github.com/owncord/server/ws/sfu.go:24.51,26.3 1 0
github.com/owncord/server/ws/sfu.go:29.2,33.4 2 1
github.com/owncord/server/ws/sfu.go:33.4,38.17 1 1
github.com/owncord/server/ws/sfu.go:38.17,40.4 1 0
github.com/owncord/server/ws/sfu.go:43.2,44.69 2 1
github.com/owncord/server/ws/sfu.go:44.69,46.3 1 0
github.com/owncord/server/ws/sfu.go:48.2,51.26 3 1
github.com/owncord/server/ws/sfu.go:51.26,56.18 1 1
github.com/owncord/server/ws/sfu.go:56.18,58.4 1 0
github.com/owncord/server/ws/sfu.go:61.2,67.41 2 1
github.com/owncord/server/ws/sfu.go:72.67,76.27 2 1
github.com/owncord/server/ws/sfu.go:76.27,80.3 1 0
github.com/owncord/server/ws/sfu.go:83.2,83.51 1 1
github.com/owncord/server/ws/sfu.go:83.51,89.3 1 0
github.com/owncord/server/ws/sfu.go:91.2,91.42 1 1
github.com/owncord/server/ws/sfu.go:96.24,98.2 0 1
github.com/owncord/server/ws/sfu.go:102.36,103.26 1 1
github.com/owncord/server/ws/sfu.go:104.13,105.15 1 1
github.com/owncord/server/ws/sfu.go:106.14,107.16 1 1
github.com/owncord/server/ws/sfu.go:108.10,109.15 1 1
github.com/owncord/server/ws/sfu.go:114.25,115.12 1 1
github.com/owncord/server/ws/sfu.go:115.12,117.3 1 0
github.com/owncord/server/ws/sfu.go:118.2,121.9 4 1
github.com/owncord/server/ws/sfu.go:121.9,123.3 1 0
github.com/owncord/server/ws/sfu.go:124.2,124.12 1 1
github.com/owncord/server/ws/sfu.go:124.12,128.3 3 1
github.com/owncord/server/ws/sfu.go:129.2,129.9 1 1
github.com/owncord/server/ws/sfu.go:129.9,132.3 2 0
github.com/owncord/server/ws/sfu.go:133.2,133.24 1 1
github.com/owncord/server/ws/speaker_broadcast.go:12.57,19.6 4 1
github.com/owncord/server/ws/speaker_broadcast.go:19.6,20.10 1 1
github.com/owncord/server/ws/speaker_broadcast.go:21.15,22.10 1 1
github.com/owncord/server/ws/speaker_broadcast.go:23.19,26.39 3 1
github.com/owncord/server/ws/speaker_broadcast.go:26.39,28.5 1 1
github.com/owncord/server/ws/speaker_broadcast.go:29.4,31.39 2 1
github.com/owncord/server/ws/speaker_broadcast.go:31.39,37.63 4 1
github.com/owncord/server/ws/speaker_broadcast.go:37.63,38.14 1 1
github.com/owncord/server/ws/speaker_broadcast.go:40.5,44.41 4 1
github.com/owncord/server/ws/speaker_broadcast.go:48.4,48.33 1 1
github.com/owncord/server/ws/speaker_broadcast.go:48.33,49.40 1 1
github.com/owncord/server/ws/speaker_broadcast.go:49.40,51.6 1 1
github.com/owncord/server/ws/speaker_broadcast.go:59.42,60.24 1 1
github.com/owncord/server/ws/speaker_broadcast.go:60.24,62.3 1 1
github.com/owncord/server/ws/speaker_broadcast.go:64.2,65.30 2 1
github.com/owncord/server/ws/speaker_broadcast.go:65.30,66.12 1 1
github.com/owncord/server/ws/speaker_broadcast.go:66.12,68.4 1 1
github.com/owncord/server/ws/speaker_broadcast.go:69.3,69.42 1 1
github.com/owncord/server/ws/speaker_broadcast.go:71.2,71.18 1 1
github.com/owncord/server/ws/speaker_broadcast.go:76.49,78.2 1 1
github.com/owncord/server/ws/speaker_detector.go:30.52,32.2 1 1
github.com/owncord/server/ws/speaker_detector.go:35.86,41.2 1 1
github.com/owncord/server/ws/speaker_detector.go:46.66,51.9 4 1
github.com/owncord/server/ws/speaker_detector.go:51.9,54.3 2 1
github.com/owncord/server/ws/speaker_detector.go:56.2,58.31 3 1
github.com/owncord/server/ws/speaker_detector.go:58.31,60.3 1 1
github.com/owncord/server/ws/speaker_detector.go:63.2,64.32 2 1
github.com/owncord/server/ws/speaker_detector.go:64.32,66.3 1 1
github.com/owncord/server/ws/speaker_detector.go:67.2,70.22 2 1
github.com/owncord/server/ws/speaker_detector.go:70.22,72.3 1 1
github.com/owncord/server/ws/speaker_detector.go:78.49,86.32 5 1
github.com/owncord/server/ws/speaker_detector.go:86.32,87.23 1 1
github.com/owncord/server/ws/speaker_detector.go:87.23,89.4 1 1
github.com/owncord/server/ws/speaker_detector.go:89.9,89.76 1 1
github.com/owncord/server/ws/speaker_detector.go:89.76,91.4 1 1
github.com/owncord/server/ws/speaker_detector.go:95.2,95.45 1 1
github.com/owncord/server/ws/speaker_detector.go:95.45,97.3 1 1
github.com/owncord/server/ws/speaker_detector.go:99.2,100.25 2 1
github.com/owncord/server/ws/speaker_detector.go:100.25,102.3 1 1
github.com/owncord/server/ws/speaker_detector.go:104.2,105.25 2 1
github.com/owncord/server/ws/speaker_detector.go:105.25,107.3 1 1
github.com/owncord/server/ws/speaker_detector.go:108.2,108.15 1 1
github.com/owncord/server/ws/speaker_detector.go:112.55,117.2 3 1
github.com/owncord/server/ws/speaker_detector.go:124.88,125.19 1 1
github.com/owncord/server/ws/speaker_detector.go:125.19,127.3 1 1
github.com/owncord/server/ws/speaker_detector.go:132.2,133.19 2 1
github.com/owncord/server/ws/speaker_detector.go:133.19,137.14 3 1
github.com/owncord/server/ws/speaker_detector.go:137.14,140.12 2 0
github.com/owncord/server/ws/speaker_detector.go:142.3,142.15 1 1
github.com/owncord/server/ws/speaker_detector.go:142.15,144.9 1 0
github.com/owncord/server/ws/speaker_detector.go:147.3,149.27 2 1
github.com/owncord/server/ws/speaker_detector.go:149.27,150.9 1 0
github.com/owncord/server/ws/speaker_detector.go:153.3,153.40 1 1
github.com/owncord/server/ws/speaker_detector.go:153.40,158.4 4 1
github.com/owncord/server/ws/speaker_detector.go:160.3,160.15 1 1
github.com/owncord/server/ws/speaker_detector.go:163.2,163.24 1 1
github.com/owncord/server/ws/voice_handlers.go:30.59,31.17 1 1
github.com/owncord/server/ws/voice_handlers.go:31.17,33.3 1 1
github.com/owncord/server/ws/voice_handlers.go:35.2,35.72 1 0
github.com/owncord/server/ws/voice_handlers.go:35.72,38.16 2 0
github.com/owncord/server/ws/voice_handlers.go:39.40,41.25 2 0
github.com/owncord/server/ws/voice_handlers.go:42.46,45.93 1 0
github.com/owncord/server/ws/voice_handlers.go:51.66,53.2 1 1
github.com/owncord/server/ws/voice_handlers.go:66.67,68.34 2 1
github.com/owncord/server/ws/voice_handlers.go:68.34,71.3 2 1
github.com/owncord/server/ws/voice_handlers.go:73.2,73.63 1 1
github.com/owncord/server/ws/voice_handlers.go:73.63,76.3 2 1
github.com/owncord/server/ws/voice_handlers.go:79.2,79.49 1 1
github.com/owncord/server/ws/voice_handlers.go:79.49,81.3 1 1
github.com/owncord/server/ws/voice_handlers.go:83.2,84.29 2 1
github.com/owncord/server/ws/voice_handlers.go:84.29,87.3 2 0
github.com/owncord/server/ws/voice_handlers.go:89.2,92.60 3 1
github.com/owncord/server/ws/voice_handlers.go:92.60,93.37 1 1
github.com/owncord/server/ws/voice_handlers.go:93.37,95.4 1 1
github.com/owncord/server/ws/voice_handlers.go:95.9,97.4 1 0
github.com/owncord/server/ws/voice_handlers.go:98.3,98.9 1 1
github.com/owncord/server/ws/voice_handlers.go:101.2,101.67 1 1
github.com/owncord/server/ws/voice_handlers.go:101.67,106.3 4 0
github.com/owncord/server/ws/voice_handlers.go:109.2,112.18 2 1
github.com/owncord/server/ws/voice_handlers.go:112.18,114.19 2 0
github.com/owncord/server/ws/voice_handlers.go:114.19,116.4 1 0
github.com/owncord/server/ws/voice_handlers.go:116.9,120.4 3 0
github.com/owncord/server/ws/voice_handlers.go:123.2,124.32 2 1
github.com/owncord/server/ws/voice_handlers.go:124.32,127.3 2 0
github.com/owncord/server/ws/voice_handlers.go:130.2,134.16 3 1
github.com/owncord/server/ws/voice_handlers.go:134.16,137.3 2 0
github.com/owncord/server/ws/voice_handlers.go:138.2,138.30 1 1
github.com/owncord/server/ws/voice_handlers.go:138.30,139.28 1 1
github.com/owncord/server/ws/voice_handlers.go:139.28,140.12 1 1
github.com/owncord/server/ws/voice_handlers.go:142.3,142.33 1 1
github.com/owncord/server/ws/voice_handlers.go:146.2,148.18 3 1
github.com/owncord/server/ws/voice_handlers.go:148.18,150.3 1 0
github.com/owncord/server/ws/voice_handlers.go:151.2,153.133 2 1
github.com/owncord/server/ws/voice_handlers.go:157.68,166.54 2 1
github.com/owncord/server/ws/voice_handlers.go:166.54,168.3 1 0
github.com/owncord/server/ws/voice_handlers.go:169.2,169.31 1 1
github.com/owncord/server/ws/voice_handlers.go:169.31,171.3 1 0
github.com/owncord/server/ws/voice_handlers.go:172.2,172.12 1 1
github.com/owncord/server/ws/voice_handlers.go:181.43,183.16 2 1
github.com/owncord/server/ws/voice_handlers.go:183.16,185.3 1 0
github.com/owncord/server/ws/voice_handlers.go:188.2,188.17 1 1
github.com/owncord/server/ws/voice_handlers.go:188.17,189.48 1 0
github.com/owncord/server/ws/voice_handlers.go:189.48,191.4 1 0
github.com/owncord/server/ws/voice_handlers.go:192.3,192.13 1 0
github.com/owncord/server/ws/voice_handlers.go:196.2,196.21 1 1
github.com/owncord/server/ws/voice_handlers.go:196.21,197.55 1 1
github.com/owncord/server/ws/voice_handlers.go:197.55,199.22 2 1
github.com/owncord/server/ws/voice_handlers.go:199.22,201.5 1 1
github.com/owncord/server/ws/voice_handlers.go:203.3,203.18 1 1
github.com/owncord/server/ws/voice_handlers.go:206.2,206.67 1 1
github.com/owncord/server/ws/voice_handlers.go:206.67,208.3 1 0
github.com/owncord/server/ws/voice_handlers.go:210.2,210.18 1 1
github.com/owncord/server/ws/voice_handlers.go:210.18,212.3 1 1
github.com/owncord/server/ws/voice_handlers.go:219.67,223.52 2 1
github.com/owncord/server/ws/voice_handlers.go:223.52,226.3 2 0
github.com/owncord/server/ws/voice_handlers.go:228.2,228.64 1 1
github.com/owncord/server/ws/voice_handlers.go:228.64,232.3 3 0
github.com/owncord/server/ws/voice_handlers.go:234.2,234.32 1 1
github.com/owncord/server/ws/voice_handlers.go:241.69,245.52 2 1
github.com/owncord/server/ws/voice_handlers.go:245.52,248.3 2 0
github.com/owncord/server/ws/voice_handlers.go:250.2,250.69 1 1
github.com/owncord/server/ws/voice_handlers.go:250.69,254.3 3 0
github.com/owncord/server/ws/voice_handlers.go:256.2,256.32 1 1
github.com/owncord/server/ws/voice_handlers.go:265.69,267.71 2 1
github.com/owncord/server/ws/voice_handlers.go:267.71,270.3 2 1
github.com/owncord/server/ws/voice_handlers.go:272.2,272.51 1 1
github.com/owncord/server/ws/voice_handlers.go:272.51,275.3 2 1
github.com/owncord/server/ws/voice_handlers.go:277.2,280.52 2 1
github.com/owncord/server/ws/voice_handlers.go:280.52,283.3 2 0
github.com/owncord/server/ws/voice_handlers.go:285.2,285.68 1 1
github.com/owncord/server/ws/voice_handlers.go:285.68,289.3 3 0
github.com/owncord/server/ws/voice_handlers.go:291.2,291.32 1 1
github.com/owncord/server/ws/voice_handlers.go:300.74,302.81 2 1
github.com/owncord/server/ws/voice_handlers.go:302.81,305.3 2 1
github.com/owncord/server/ws/voice_handlers.go:307.2,307.54 1 1
github.com/owncord/server/ws/voice_handlers.go:307.54,310.3 2 1
github.com/owncord/server/ws/voice_handlers.go:312.2,315.52 2 1
github.com/owncord/server/ws/voice_handlers.go:315.52,318.3 2 0
github.com/owncord/server/ws/voice_handlers.go:320.2,320.73 1 1
github.com/owncord/server/ws/voice_handlers.go:320.73,324.3 3 0
github.com/owncord/server/ws/voice_handlers.go:326.2,326.32 1 1
github.com/owncord/server/ws/voice_handlers.go:332.68,334.71 2 1
github.com/owncord/server/ws/voice_handlers.go:334.71,337.3 2 1
github.com/owncord/server/ws/voice_handlers.go:339.2,339.17 1 1
github.com/owncord/server/ws/voice_handlers.go:339.17,342.3 2 1
github.com/owncord/server/ws/voice_handlers.go:344.2,348.52 2 0
github.com/owncord/server/ws/voice_handlers.go:348.52,351.3 2 0
github.com/owncord/server/ws/voice_handlers.go:352.2,352.17 1 0
github.com/owncord/server/ws/voice_handlers.go:352.17,355.3 2 0
github.com/owncord/server/ws/voice_handlers.go:357.2,362.57 2 0
github.com/owncord/server/ws/voice_handlers.go:362.57,366.3 3 0
github.com/owncord/server/ws/voice_handlers.go:368.2,369.16 2 0
github.com/owncord/server/ws/voice_handlers.go:369.16,373.3 3 0
github.com/owncord/server/ws/voice_handlers.go:375.2,375.57 1 0
github.com/owncord/server/ws/voice_handlers.go:375.57,379.3 3 0
github.com/owncord/server/ws/voice_handlers.go:382.2,382.54 1 0
github.com/owncord/server/ws/voice_handlers.go:388.69,390.71 2 1
github.com/owncord/server/ws/voice_handlers.go:390.71,393.3 2 0
github.com/owncord/server/ws/voice_handlers.go:395.2,395.17 1 1
github.com/owncord/server/ws/voice_handlers.go:395.17,398.3 2 1
github.com/owncord/server/ws/voice_handlers.go:400.2,404.52 2 0
github.com/owncord/server/ws/voice_handlers.go:404.52,407.3 2 0
github.com/owncord/server/ws/voice_handlers.go:408.2,408.17 1 0
github.com/owncord/server/ws/voice_handlers.go:408.17,411.3 2 0
github.com/owncord/server/ws/voice_handlers.go:413.2,418.58 2 0
github.com/owncord/server/ws/voice_handlers.go:418.58,422.3 3 0
github.com/owncord/server/ws/voice_handlers.go:426.66,428.71 2 1
github.com/owncord/server/ws/voice_handlers.go:428.71,431.3 2 0
github.com/owncord/server/ws/voice_handlers.go:433.2,433.17 1 1
github.com/owncord/server/ws/voice_handlers.go:433.17,436.3 2 1
github.com/owncord/server/ws/voice_handlers.go:438.2,442.52 2 0
github.com/owncord/server/ws/voice_handlers.go:442.52,445.3 2 0
github.com/owncord/server/ws/voice_handlers.go:447.2,447.58 1 0
github.com/owncord/server/ws/voice_handlers.go:447.58,451.3 3 0
github.com/owncord/server/ws/voice_handlers.go:458.68,460.69 2 1
github.com/owncord/server/ws/voice_handlers.go:460.69,463.3 2 1
github.com/owncord/server/ws/voice_handlers.go:465.2,465.56 1 1
github.com/owncord/server/ws/voice_handlers.go:465.56,468.3 2 1
github.com/owncord/server/ws/voice_handlers.go:470.2,473.71 2 1
github.com/owncord/server/ws/voice_handlers.go:473.71,476.3 2 0
github.com/owncord/server/ws/voice_handlers.go:478.2,478.60 1 1
github.com/owncord/server/ws/voice_handlers.go:487.56,488.17 1 0
github.com/owncord/server/ws/voice_handlers.go:488.17,490.3 1 0
github.com/owncord/server/ws/voice_handlers.go:495.2,497.77 2 0
github.com/owncord/server/ws/voice_handlers.go:497.77,499.47 1 0
github.com/owncord/server/ws/voice_handlers.go:499.47,501.4 1 0
github.com/owncord/server/ws/voice_handlers.go:503.3,510.13 2 0
github.com/owncord/server/ws/voice_handlers.go:510.13,512.8 2 0
github.com/owncord/server/ws/voice_handlers.go:512.8,514.23 2 0
github.com/owncord/server/ws/voice_handlers.go:514.23,516.6 1 0
github.com/owncord/server/ws/voice_handlers.go:519.5,520.15 2 0
github.com/owncord/server/ws/voice_handlers.go:520.15,521.14 1 0
github.com/owncord/server/ws/voice_handlers.go:524.5,525.20 2 0
github.com/owncord/server/ws/voice_handlers.go:525.20,527.6 1 0
github.com/owncord/server/ws/voice_handlers.go:529.5,529.45 1 0
github.com/owncord/server/ws/voice_handlers.go:537.52,539.16 2 1
github.com/owncord/server/ws/voice_handlers.go:539.16,542.3 2 0
github.com/owncord/server/ws/voice_handlers.go:543.2,543.18 1 1
github.com/owncord/server/ws/voice_handlers.go:543.18,545.3 1 0
github.com/owncord/server/ws/voice_handlers.go:546.2,546.64 1 1
github.com/owncord/server/ws/voice_room.go:39.51,41.15 2 1
github.com/owncord/server/ws/voice_room.go:41.15,43.3 1 1
github.com/owncord/server/ws/voice_room.go:44.2,49.3 1 1
github.com/owncord/server/ws/voice_room.go:55.56,60.49 3 1
github.com/owncord/server/ws/voice_room.go:60.49,62.3 1 1
github.com/owncord/server/ws/voice_room.go:64.2,64.71 1 1
github.com/owncord/server/ws/voice_room.go:64.71,66.3 1 1
github.com/owncord/server/ws/voice_room.go:68.2,74.12 3 1
github.com/owncord/server/ws/voice_room.go:79.53,83.50 3 1
github.com/owncord/server/ws/voice_room.go:83.50,85.3 1 1
github.com/owncord/server/ws/voice_room.go:87.2,89.16 3 1
github.com/owncord/server/ws/voice_room.go:93.44,97.2 3 1
github.com/owncord/server/ws/voice_room.go:100.36,102.2 1 1
github.com/owncord/server/ws/voice_room.go:105.35,109.2 3 1
github.com/owncord/server/ws/voice_room.go:112.46,117.33 4 1
github.com/owncord/server/ws/voice_room.go:117.33,119.3 1 1
github.com/owncord/server/ws/voice_room.go:120.2,120.12 1 1
github.com/owncord/server/ws/voice_room.go:124.55,129.2 4 1
github.com/owncord/server/ws/voice_room.go:132.29,137.2 4 1
github.com/owncord/server/ws/voice_room.go:141.67,143.2 1 1
github.com/owncord/server/ws/voice_room.go:146.43,148.2 1 1
github.com/owncord/server/ws/voice_room.go:151.46,155.2 3 1
github.com/owncord/server/ws/voice_room.go:159.34,163.20 3 1
github.com/owncord/server/ws/voice_room.go:163.20,165.3 1 1
github.com/owncord/server/ws/voice_room.go:167.2,167.16 1 1
github.com/owncord/server/ws/voice_room.go:168.20,169.25 1 1
github.com/owncord/server/ws/voice_room.go:169.25,171.4 1 1
github.com/owncord/server/ws/voice_room.go:172.19,173.27 1 1
github.com/owncord/server/ws/voice_room.go:173.27,175.4 1 1
